2023-03-08 15:38:09,961 [main] INFO  o.s.t.c.s.AnnotationConfigContextLoaderUtils       - Could not detect default configuration classes for test class [com.lan.bo.currencykotlin.CurrencykotlinApplicationTests]: CurrencykotlinApplicationTests does not declare any static, non-private, non-final, nested classes annotated with @Configuration.
2023-03-08 15:38:10,211 [main] INFO  o.s.b.t.c.SpringBootTestContextBootstrapper        - Found @SpringBootConfiguration com.lan.bo.currencykotlin.CurrencykotlinApplication for test class com.lan.bo.currencykotlin.CurrencykotlinApplicationTests
2023-03-08 15:38:11,171 [main] INFO  c.l.b.c.CurrencykotlinApplicationTests             - Starting CurrencykotlinApplicationTests using Java 17.0.6 with PID 19621 (started by lanplay in /home/lanplay/University/Arqui/currencykotlin)
2023-03-08 15:38:11,173 [main] INFO  c.l.b.c.CurrencykotlinApplicationTests             - No active profile set, falling back to 1 default profile: "default"
2023-03-08 15:38:12,768 [main] INFO  o.s.d.r.c.RepositoryConfigurationDelegate          - Bootstrapping Spring Data JPA repositories in DEFAULT mode.
2023-03-08 15:38:12,878 [main] INFO  o.s.d.r.c.RepositoryConfigurationDelegate          - Finished Spring Data repository scanning in 97 ms. Found 1 JPA repository interfaces.
2023-03-08 15:38:13,627 [main] INFO  o.hibernate.jpa.internal.util.LogHelper            - HHH000204: Processing PersistenceUnitInfo [name: default]
2023-03-08 15:38:13,817 [main] INFO  org.hibernate.Version                              - HHH000412: Hibernate ORM core version 6.1.6.Final
2023-03-08 15:38:14,102 [main] WARN  org.hibernate.orm.deprecation                      - HHH90000021: Encountered deprecated setting [javax.persistence.sharedCache.mode], use [jakarta.persistence.sharedCache.mode] instead
2023-03-08 15:38:14,381 [main] INFO  com.zaxxer.hikari.HikariDataSource                 - HikariPool-1 - Starting...
2023-03-08 15:38:14,931 [main] INFO  com.zaxxer.hikari.pool.HikariPool                  - HikariPool-1 - Added connection org.postgresql.jdbc.PgConnection@5773d271
2023-03-08 15:38:14,932 [main] INFO  com.zaxxer.hikari.HikariDataSource                 - HikariPool-1 - Start completed.
2023-03-08 15:38:15,177 [main] INFO  SQL dialect                                        - HHH000400: Using dialect: org.hibernate.dialect.PostgreSQLDialect
2023-03-08 15:38:16,713 [main] INFO  o.h.e.t.j.p.i.JtaPlatformInitiator                 - HHH000490: Using JtaPlatform implementation: [org.hibernate.engine.transaction.jta.platform.internal.NoJtaPlatform]
2023-03-08 15:38:16,727 [main] INFO  o.s.o.j.LocalContainerEntityManagerFactoryBean     - Initialized JPA EntityManagerFactory for persistence unit 'default'
2023-03-08 15:38:17,733 [main] WARN  o.s.b.a.o.j.JpaBaseConfiguration$JpaWebConfiguration - spring.jpa.open-in-view is enabled by default. Therefore, database queries may be performed during view rendering. Explicitly configure spring.jpa.open-in-view to disable this warning
2023-03-08 15:38:18,335 [main] INFO  c.l.b.c.CurrencykotlinApplicationTests             - Started CurrencykotlinApplicationTests in 7.766 seconds (process running for 9.971)
2023-03-08 15:38:18,883 [SpringApplicationShutdownHook] INFO  o.s.o.j.LocalContainerEntityManagerFactoryBean     - Closing JPA EntityManagerFactory for persistence unit 'default'
2023-03-08 15:38:18,890 [SpringApplicationShutdownHook] INFO  com.zaxxer.hikari.HikariDataSource                 - HikariPool-1 - Shutdown initiated...
2023-03-08 15:38:18,915 [SpringApplicationShutdownHook] INFO  com.zaxxer.hikari.HikariDataSource                 - HikariPool-1 - Shutdown completed.
2023-03-08 15:38:53,127 [main] INFO  c.l.b.c.CurrencykotlinApplicationKt                - Starting CurrencykotlinApplicationKt using Java 17.0.6 with PID 20127 (/home/lanplay/University/Arqui/currencykotlin/target/classes started by lanplay in /home/lanplay/University/Arqui/currencykotlin)
2023-03-08 15:38:53,130 [main] INFO  c.l.b.c.CurrencykotlinApplicationKt                - No active profile set, falling back to 1 default profile: "default"
2023-03-08 15:38:53,800 [main] INFO  o.s.d.r.c.RepositoryConfigurationDelegate          - Bootstrapping Spring Data JPA repositories in DEFAULT mode.
2023-03-08 15:38:53,872 [main] INFO  o.s.d.r.c.RepositoryConfigurationDelegate          - Finished Spring Data repository scanning in 65 ms. Found 1 JPA repository interfaces.
2023-03-08 15:38:54,760 [main] INFO  o.s.b.w.embedded.tomcat.TomcatWebServer            - Tomcat initialized with port(s): 7777 (http)
2023-03-08 15:38:54,773 [main] INFO  o.apache.coyote.http11.Http11NioProtocol           - Initializing ProtocolHandler ["http-nio-7777"]
2023-03-08 15:38:54,775 [main] INFO  o.apache.catalina.core.StandardService             - Starting service [Tomcat]
2023-03-08 15:38:54,776 [main] INFO  org.apache.catalina.core.StandardEngine            - Starting Servlet engine: [Apache Tomcat/10.1.5]
2023-03-08 15:38:54,908 [main] INFO  o.a.c.c.C.[Tomcat].[localhost].[/]                 - Initializing Spring embedded WebApplicationContext
2023-03-08 15:38:54,910 [main] INFO  o.s.b.w.s.c.ServletWebServerApplicationContext     - Root WebApplicationContext: initialization completed in 1686 ms
2023-03-08 15:38:55,131 [main] INFO  o.hibernate.jpa.internal.util.LogHelper            - HHH000204: Processing PersistenceUnitInfo [name: default]
2023-03-08 15:38:55,190 [main] INFO  org.hibernate.Version                              - HHH000412: Hibernate ORM core version 6.1.6.Final
2023-03-08 15:38:55,411 [main] WARN  org.hibernate.orm.deprecation                      - HHH90000021: Encountered deprecated setting [javax.persistence.sharedCache.mode], use [jakarta.persistence.sharedCache.mode] instead
2023-03-08 15:38:55,594 [main] INFO  com.zaxxer.hikari.HikariDataSource                 - HikariPool-1 - Starting...
2023-03-08 15:38:55,788 [main] INFO  com.zaxxer.hikari.pool.HikariPool                  - HikariPool-1 - Added connection org.postgresql.jdbc.PgConnection@dc1fadd
2023-03-08 15:38:55,790 [main] INFO  com.zaxxer.hikari.HikariDataSource                 - HikariPool-1 - Start completed.
2023-03-08 15:38:55,840 [main] INFO  SQL dialect                                        - HHH000400: Using dialect: org.hibernate.dialect.PostgreSQLDialect
2023-03-08 15:38:56,428 [main] INFO  o.h.e.t.j.p.i.JtaPlatformInitiator                 - HHH000490: Using JtaPlatform implementation: [org.hibernate.engine.transaction.jta.platform.internal.NoJtaPlatform]
2023-03-08 15:38:56,438 [main] INFO  o.s.o.j.LocalContainerEntityManagerFactoryBean     - Initialized JPA EntityManagerFactory for persistence unit 'default'
2023-03-08 15:38:56,950 [main] WARN  o.s.b.a.o.j.JpaBaseConfiguration$JpaWebConfiguration - spring.jpa.open-in-view is enabled by default. Therefore, database queries may be performed during view rendering. Explicitly configure spring.jpa.open-in-view to disable this warning
2023-03-08 15:38:57,287 [main] INFO  o.apache.coyote.http11.Http11NioProtocol           - Starting ProtocolHandler ["http-nio-7777"]
2023-03-08 15:38:57,429 [main] INFO  o.s.b.w.embedded.tomcat.TomcatWebServer            - Tomcat started on port(s): 7777 (http) with context path ''
2023-03-08 15:38:57,454 [main] INFO  c.l.b.c.CurrencykotlinApplicationKt                - Started CurrencykotlinApplicationKt in 4.695 seconds (process running for 5.199)
2023-03-08 15:39:37,017 [http-nio-7777-exec-2] INFO  o.a.c.c.C.[Tomcat].[localhost].[/]                 - Initializing Spring DispatcherServlet 'dispatcherServlet'
2023-03-08 15:39:37,018 [http-nio-7777-exec-2] INFO  o.s.web.servlet.DispatcherServlet                  - Initializing Servlet 'dispatcherServlet'
2023-03-08 15:39:37,019 [http-nio-7777-exec-2] INFO  o.s.web.servlet.DispatcherServlet                  - Completed initialization in 1 ms
2023-03-08 15:39:37,064 [http-nio-7777-exec-2] INFO  c.lan.bo.currencykotlin.api.CurrencyApi            - Hi, Sam  info log
2023-03-08 15:39:37,065 [http-nio-7777-exec-2] INFO  c.lan.bo.currencykotlin.api.CurrencyApi            - Dummy info message
2023-03-08 15:39:37,065 [http-nio-7777-exec-2] WARN  c.lan.bo.currencykotlin.api.CurrencyApi            - Dummy warning message.
2023-03-08 15:39:37,065 [http-nio-7777-exec-2] ERROR c.lan.bo.currencykotlin.api.CurrencyApi            - Dummy error message.
2023-03-08 15:47:47,839 [SpringApplicationShutdownHook] INFO  o.s.o.j.LocalContainerEntityManagerFactoryBean     - Closing JPA EntityManagerFactory for persistence unit 'default'
2023-03-08 15:47:47,842 [SpringApplicationShutdownHook] INFO  com.zaxxer.hikari.HikariDataSource                 - HikariPool-1 - Shutdown initiated...
2023-03-08 15:47:47,850 [SpringApplicationShutdownHook] INFO  com.zaxxer.hikari.HikariDataSource                 - HikariPool-1 - Shutdown completed.
