2023-02-13 11:31:11,969 [main] INFO  c.l.b.c.CurrencykotlinApplicationKt                - Starting CurrencykotlinApplicationKt using Java 17.0.5 with PID 17748 (C:\Users\Alan\Academic\University\Arquitectura\CurrencyApi\currencykotlin\target\classes started by Alan in C:\Users\Alan\Academic\University\Arquitectura\CurrencyApi\currencykotlin)
2023-02-13 11:31:11,973 [main] INFO  c.l.b.c.CurrencykotlinApplicationKt                - No active profile set, falling back to 1 default profile: "default"
2023-02-13 11:31:13,757 [main] INFO  o.s.b.w.embedded.tomcat.TomcatWebServer            - Tomcat initialized with port(s): 8080 (http)
2023-02-13 11:31:13,771 [main] INFO  o.apache.coyote.http11.Http11NioProtocol           - Initializing ProtocolHandler ["http-nio-8080"]
2023-02-13 11:31:13,778 [main] INFO  o.apache.catalina.core.StandardService             - Starting service [Tomcat]
2023-02-13 11:31:13,778 [main] INFO  org.apache.catalina.core.StandardEngine            - Starting Servlet engine: [Apache Tomcat/10.1.5]
2023-02-13 11:31:13,991 [main] INFO  o.a.c.c.C.[Tomcat].[localhost].[/]                 - Initializing Spring embedded WebApplicationContext
2023-02-13 11:31:13,992 [main] INFO  o.s.b.w.s.c.ServletWebServerApplicationContext     - Root WebApplicationContext: initialization completed in 1940 ms
2023-02-13 11:31:14,163 [main] WARN  o.s.b.w.s.c.AnnotationConfigServletWebServerApplicationContext - Exception encountered during context initialization - cancelling refresh attempt: org.springframework.beans.factory.UnsatisfiedDependencyException: Error creating bean with name 'currencyApi' defined in file [C:\Users\Alan\Academic\University\Arquitectura\CurrencyApi\currencykotlin\target\classes\com\lan\bo\currencykotlin\api\CurrencyApi.class]: Unsatisfied dependency expressed through constructor parameter 0: No qualifying bean of type 'CurrencyBl' available: expected at least 1 bean which qualifies as autowire candidate. Dependency annotations: {}
2023-02-13 11:31:14,170 [main] INFO  o.apache.catalina.core.StandardService             - Stopping service [Tomcat]
2023-02-13 11:31:14,202 [main] INFO  o.s.b.a.l.ConditionEvaluationReportLogger          - 

Error starting ApplicationContext. To display the condition evaluation report re-run your application with 'debug' enabled.
2023-02-13 11:31:14,255 [main] ERROR o.s.b.d.LoggingFailureAnalysisReporter             - 

***************************
APPLICATION FAILED TO START
***************************

Description:

Parameter 0 of constructor in com.lan.bo.currencykotlin.api.CurrencyApi required a bean of type 'CurrencyBl' that could not be found.


Action:

Consider defining a bean of type 'CurrencyBl' in your configuration.

2023-02-13 11:35:45,565 [main] INFO  c.l.b.c.CurrencykotlinApplicationKt                - Starting CurrencykotlinApplicationKt using Java 17.0.5 with PID 25676 (C:\Users\Alan\Academic\University\Arquitectura\CurrencyApi\currencykotlin\target\classes started by Alan in C:\Users\Alan\Academic\University\Arquitectura\CurrencyApi\currencykotlin)
2023-02-13 11:35:45,567 [main] INFO  c.l.b.c.CurrencykotlinApplicationKt                - No active profile set, falling back to 1 default profile: "default"
2023-02-13 11:35:47,153 [main] INFO  o.s.b.w.embedded.tomcat.TomcatWebServer            - Tomcat initialized with port(s): 8080 (http)
2023-02-13 11:35:47,169 [main] INFO  o.apache.coyote.http11.Http11NioProtocol           - Initializing ProtocolHandler ["http-nio-8080"]
2023-02-13 11:35:47,170 [main] INFO  o.apache.catalina.core.StandardService             - Starting service [Tomcat]
2023-02-13 11:35:47,171 [main] INFO  org.apache.catalina.core.StandardEngine            - Starting Servlet engine: [Apache Tomcat/10.1.5]
2023-02-13 11:35:47,307 [main] INFO  o.a.c.c.C.[Tomcat].[localhost].[/]                 - Initializing Spring embedded WebApplicationContext
2023-02-13 11:35:47,307 [main] INFO  o.s.b.w.s.c.ServletWebServerApplicationContext     - Root WebApplicationContext: initialization completed in 1663 ms
2023-02-13 11:35:47,877 [main] INFO  o.apache.coyote.http11.Http11NioProtocol           - Starting ProtocolHandler ["http-nio-8080"]
2023-02-13 11:35:47,897 [main] INFO  o.s.b.w.embedded.tomcat.TomcatWebServer            - Tomcat started on port(s): 8080 (http) with context path ''
2023-02-13 11:35:47,906 [main] INFO  c.l.b.c.CurrencykotlinApplicationKt                - Started CurrencykotlinApplicationKt in 2.76 seconds (process running for 3.473)
2023-02-13 11:35:54,060 [http-nio-8080-exec-2] INFO  o.a.c.c.C.[Tomcat].[localhost].[/]                 - Initializing Spring DispatcherServlet 'dispatcherServlet'
2023-02-13 11:35:54,061 [http-nio-8080-exec-2] INFO  o.s.web.servlet.DispatcherServlet                  - Initializing Servlet 'dispatcherServlet'
2023-02-13 11:35:54,062 [http-nio-8080-exec-2] INFO  o.s.web.servlet.DispatcherServlet                  - Completed initialization in 1 ms
2023-02-13 11:35:54,100 [http-nio-8080-exec-2] INFO  c.lan.bo.currencykotlin.api.CurrencyApi            - Hi, Sam  info log
2023-02-13 11:35:54,100 [http-nio-8080-exec-2] INFO  c.lan.bo.currencykotlin.api.CurrencyApi            - Dummy info message
2023-02-13 11:35:54,100 [http-nio-8080-exec-2] WARN  c.lan.bo.currencykotlin.api.CurrencyApi            - Dummy warning message.
2023-02-13 11:35:54,100 [http-nio-8080-exec-2] ERROR c.lan.bo.currencykotlin.api.CurrencyApi            - Dummy error message.
