2023-04-13 10:32:20,593 [main] INFO  o.s.c.c.c.ConfigServerConfigDataLoader             - Fetching config from server at : http://localhost:8888
2023-04-13 10:32:20,594 [main] INFO  o.s.c.c.c.ConfigServerConfigDataLoader             - Located environment: name=currencykotlin, profiles=[default], label=null, version=59963645740b2d93c0c079c91edea59928cd38c3, state=null
2023-04-13 10:32:20,855 [main] INFO  o.s.c.c.c.ConfigServicePropertySourceLocator       - Fetching config from server at : http://localhost:8888
2023-04-13 10:32:22,754 [main] INFO  o.s.c.c.c.ConfigServicePropertySourceLocator       - Located environment: name=currency-converter, profiles=[default], label=null, version=59963645740b2d93c0c079c91edea59928cd38c3, state=null
2023-04-13 10:32:22,755 [main] INFO  o.s.c.b.c.PropertySourceBootstrapConfiguration     - Located property source: [BootstrapPropertySource {name='bootstrapProperties-configClient'}]
2023-04-13 10:32:22,761 [main] INFO  c.l.b.c.CurrencykotlinApplicationKt                - No active profile set, falling back to 1 default profile: "default"
2023-04-13 10:32:23,772 [main] INFO  o.s.d.r.c.RepositoryConfigurationDelegate          - Bootstrapping Spring Data JPA repositories in DEFAULT mode.
2023-04-13 10:32:23,821 [main] INFO  o.s.d.r.c.RepositoryConfigurationDelegate          - Finished Spring Data repository scanning in 40 ms. Found 1 JPA repository interfaces.
2023-04-13 10:32:23,995 [main] INFO  o.s.cloud.context.scope.GenericScope               - BeanFactory id=0ddc336f-8d5a-30c8-9ca9-037a42898073
2023-04-13 10:32:24,376 [main] INFO  o.s.b.w.embedded.tomcat.TomcatWebServer            - Tomcat initialized with port(s): 7777 (http)
2023-04-13 10:32:24,382 [main] INFO  o.apache.coyote.http11.Http11NioProtocol           - Initializing ProtocolHandler ["http-nio-7777"]
2023-04-13 10:32:24,383 [main] INFO  org.apache.catalina.core.StandardService           - Starting service [Tomcat]
2023-04-13 10:32:24,383 [main] INFO  org.apache.catalina.core.StandardEngine            - Starting Servlet engine: [Apache Tomcat/9.0.73]
2023-04-13 10:32:24,444 [main] INFO  o.a.c.c.C.[Tomcat].[localhost].[/]                 - Initializing Spring embedded WebApplicationContext
2023-04-13 10:32:24,444 [main] INFO  o.s.b.w.s.c.ServletWebServerApplicationContext     - Root WebApplicationContext: initialization completed in 1669 ms
2023-04-13 10:32:24,505 [main] ERROR o.a.c.c.C.[Tomcat].[localhost].[/]                 - For security constraints with URL pattern [/api/v1/currency/convert] only the HTTP methods [GET] are covered. All other methods are uncovered.
2023-04-13 10:32:24,505 [main] ERROR o.a.c.c.C.[Tomcat].[localhost].[/]                 - For security constraints with URL pattern [/api/v1/currency/all] only the HTTP methods [GET] are covered. All other methods are uncovered.
2023-04-13 10:32:25,026 [main] INFO  o.hibernate.jpa.internal.util.LogHelper            - HHH000204: Processing PersistenceUnitInfo [name: default]
2023-04-13 10:32:25,060 [main] INFO  org.hibernate.Version                              - HHH000412: Hibernate ORM core version 5.6.15.Final
2023-04-13 10:32:25,528 [main] INFO  org.hibernate.annotations.common.Version           - HCANN000001: Hibernate Commons Annotations {5.1.2.Final}
2023-04-13 10:32:25,695 [main] INFO  com.zaxxer.hikari.HikariDataSource                 - HikariPool-1 - Starting...
2023-04-13 10:32:26,186 [main] INFO  com.zaxxer.hikari.HikariDataSource                 - HikariPool-1 - Start completed.
2023-04-13 10:32:26,209 [main] INFO  org.hibernate.dialect.Dialect                      - HHH000400: Using dialect: org.hibernate.dialect.PostgreSQL10Dialect
2023-04-13 10:32:27,065 [main] INFO  o.h.e.t.j.p.i.JtaPlatformInitiator                 - HHH000490: Using JtaPlatform implementation: [org.hibernate.engine.transaction.jta.platform.internal.NoJtaPlatform]
2023-04-13 10:32:27,092 [main] INFO  o.s.o.j.LocalContainerEntityManagerFactoryBean     - Initialized JPA EntityManagerFactory for persistence unit 'default'
2023-04-13 10:32:27,593 [main] WARN  o.s.b.a.o.j.JpaBaseConfiguration$JpaWebConfiguration - spring.jpa.open-in-view is enabled by default. Therefore, database queries may be performed during view rendering. Explicitly configure spring.jpa.open-in-view to disable this warning
2023-04-13 10:32:28,329 [main] INFO  o.apache.coyote.http11.Http11NioProtocol           - Starting ProtocolHandler ["http-nio-7777"]
2023-04-13 10:32:28,341 [main] INFO  o.s.b.w.embedded.tomcat.TomcatWebServer            - Tomcat started on port(s): 7777 (http) with context path ''
2023-04-13 10:32:28,359 [main] INFO  c.l.b.c.CurrencykotlinApplicationKt                - Started CurrencykotlinApplicationKt in 10.954 seconds (JVM running for 11.353)
2023-04-13 10:33:36,181 [SpringApplicationShutdownHook] INFO  o.s.o.j.LocalContainerEntityManagerFactoryBean     - Closing JPA EntityManagerFactory for persistence unit 'default'
2023-04-13 10:33:36,183 [SpringApplicationShutdownHook] INFO  com.zaxxer.hikari.HikariDataSource                 - HikariPool-1 - Shutdown initiated...
2023-04-13 10:33:36,193 [SpringApplicationShutdownHook] INFO  com.zaxxer.hikari.HikariDataSource                 - HikariPool-1 - Shutdown completed.
2023-04-13 10:33:52,980 [main] INFO  o.s.c.c.c.ConfigServerConfigDataLoader             - Fetching config from server at : http://localhost:8888
2023-04-13 10:33:52,982 [main] INFO  o.s.c.c.c.ConfigServerConfigDataLoader             - Located environment: name=currencykotlin, profiles=[default], label=null, version=c9bf7dc2f3651fb3682cc6d0ff04686f4450a434, state=null
2023-04-13 10:33:53,226 [main] INFO  o.s.c.c.c.ConfigServicePropertySourceLocator       - Fetching config from server at : http://localhost:8888
2023-04-13 10:33:55,159 [main] INFO  o.s.c.c.c.ConfigServicePropertySourceLocator       - Located environment: name=currency-converter, profiles=[default], label=null, version=c9bf7dc2f3651fb3682cc6d0ff04686f4450a434, state=null
2023-04-13 10:33:55,160 [main] INFO  o.s.c.b.c.PropertySourceBootstrapConfiguration     - Located property source: [BootstrapPropertySource {name='bootstrapProperties-configClient'}]
2023-04-13 10:33:55,167 [main] INFO  c.l.b.c.CurrencykotlinApplicationKt                - No active profile set, falling back to 1 default profile: "default"
2023-04-13 10:33:55,612 [main] INFO  o.s.d.r.c.RepositoryConfigurationDelegate          - Bootstrapping Spring Data JPA repositories in DEFAULT mode.
2023-04-13 10:33:55,649 [main] INFO  o.s.d.r.c.RepositoryConfigurationDelegate          - Finished Spring Data repository scanning in 30 ms. Found 1 JPA repository interfaces.
2023-04-13 10:33:55,821 [main] INFO  o.s.cloud.context.scope.GenericScope               - BeanFactory id=0ddc336f-8d5a-30c8-9ca9-037a42898073
2023-04-13 10:33:56,167 [main] INFO  o.s.b.w.embedded.tomcat.TomcatWebServer            - Tomcat initialized with port(s): 7777 (http)
2023-04-13 10:33:56,176 [main] INFO  o.apache.coyote.http11.Http11NioProtocol           - Initializing ProtocolHandler ["http-nio-7777"]
2023-04-13 10:33:56,176 [main] INFO  org.apache.catalina.core.StandardService           - Starting service [Tomcat]
2023-04-13 10:33:56,177 [main] INFO  org.apache.catalina.core.StandardEngine            - Starting Servlet engine: [Apache Tomcat/9.0.73]
2023-04-13 10:33:56,240 [main] INFO  o.a.c.c.C.[Tomcat].[localhost].[/]                 - Initializing Spring embedded WebApplicationContext
2023-04-13 10:33:56,241 [main] INFO  o.s.b.w.s.c.ServletWebServerApplicationContext     - Root WebApplicationContext: initialization completed in 1058 ms
2023-04-13 10:33:56,299 [main] ERROR o.a.c.c.C.[Tomcat].[localhost].[/]                 - For security constraints with URL pattern [/api/v1/currency/convert] only the HTTP methods [GET] are covered. All other methods are uncovered.
2023-04-13 10:33:56,299 [main] ERROR o.a.c.c.C.[Tomcat].[localhost].[/]                 - For security constraints with URL pattern [/api/v1/currency/all] only the HTTP methods [GET] are covered. All other methods are uncovered.
2023-04-13 10:33:56,406 [main] INFO  o.hibernate.jpa.internal.util.LogHelper            - HHH000204: Processing PersistenceUnitInfo [name: default]
2023-04-13 10:33:56,441 [main] INFO  org.hibernate.Version                              - HHH000412: Hibernate ORM core version 5.6.15.Final
2023-04-13 10:33:56,544 [main] INFO  org.hibernate.annotations.common.Version           - HCANN000001: Hibernate Commons Annotations {5.1.2.Final}
2023-04-13 10:33:56,617 [main] INFO  com.zaxxer.hikari.HikariDataSource                 - HikariPool-1 - Starting...
2023-04-13 10:33:56,734 [main] INFO  com.zaxxer.hikari.HikariDataSource                 - HikariPool-1 - Start completed.
2023-04-13 10:33:56,750 [main] INFO  org.hibernate.dialect.Dialect                      - HHH000400: Using dialect: org.hibernate.dialect.PostgreSQL10Dialect
2023-04-13 10:33:57,055 [main] INFO  o.h.e.t.j.p.i.JtaPlatformInitiator                 - HHH000490: Using JtaPlatform implementation: [org.hibernate.engine.transaction.jta.platform.internal.NoJtaPlatform]
2023-04-13 10:33:57,062 [main] INFO  o.s.o.j.LocalContainerEntityManagerFactoryBean     - Initialized JPA EntityManagerFactory for persistence unit 'default'
2023-04-13 10:33:57,445 [main] WARN  o.s.b.a.o.j.JpaBaseConfiguration$JpaWebConfiguration - spring.jpa.open-in-view is enabled by default. Therefore, database queries may be performed during view rendering. Explicitly configure spring.jpa.open-in-view to disable this warning
2023-04-13 10:33:58,177 [main] INFO  o.apache.coyote.http11.Http11NioProtocol           - Starting ProtocolHandler ["http-nio-7777"]
2023-04-13 10:33:58,189 [main] INFO  o.s.b.w.embedded.tomcat.TomcatWebServer            - Tomcat started on port(s): 7777 (http) with context path ''
2023-04-13 10:33:58,208 [main] INFO  c.l.b.c.CurrencykotlinApplicationKt                - Started CurrencykotlinApplicationKt in 8.307 seconds (JVM running for 8.717)
2023-04-13 10:38:55,064 [SpringApplicationShutdownHook] INFO  o.s.o.j.LocalContainerEntityManagerFactoryBean     - Closing JPA EntityManagerFactory for persistence unit 'default'
2023-04-13 10:38:55,066 [SpringApplicationShutdownHook] INFO  com.zaxxer.hikari.HikariDataSource                 - HikariPool-1 - Shutdown initiated...
2023-04-13 10:38:55,073 [SpringApplicationShutdownHook] INFO  com.zaxxer.hikari.HikariDataSource                 - HikariPool-1 - Shutdown completed.
2023-04-13 10:39:12,766 [main] INFO  o.s.c.c.c.ConfigServerConfigDataLoader             - Fetching config from server at : http://localhost:8888
2023-04-13 10:39:12,768 [main] INFO  o.s.c.c.c.ConfigServerConfigDataLoader             - Located environment: name=currencykotlin, profiles=[default], label=null, version=5e3676b49d65533226d35cfb92ee1b7e33882329, state=null
2023-04-13 10:39:13,062 [main] INFO  o.s.c.c.c.ConfigServicePropertySourceLocator       - Fetching config from server at : http://localhost:8888
2023-04-13 10:39:15,104 [main] INFO  o.s.c.c.c.ConfigServicePropertySourceLocator       - Located environment: name=currency-converter, profiles=[default], label=null, version=5e3676b49d65533226d35cfb92ee1b7e33882329, state=null
2023-04-13 10:39:15,105 [main] INFO  o.s.c.b.c.PropertySourceBootstrapConfiguration     - Located property source: [BootstrapPropertySource {name='bootstrapProperties-configClient'}]
2023-04-13 10:39:15,110 [main] INFO  c.l.b.c.CurrencykotlinApplicationKt                - No active profile set, falling back to 1 default profile: "default"
2023-04-13 10:39:15,547 [main] INFO  o.s.d.r.c.RepositoryConfigurationDelegate          - Bootstrapping Spring Data JPA repositories in DEFAULT mode.
2023-04-13 10:39:15,582 [main] INFO  o.s.d.r.c.RepositoryConfigurationDelegate          - Finished Spring Data repository scanning in 29 ms. Found 1 JPA repository interfaces.
2023-04-13 10:39:15,758 [main] INFO  o.s.cloud.context.scope.GenericScope               - BeanFactory id=0ddc336f-8d5a-30c8-9ca9-037a42898073
2023-04-13 10:39:16,105 [main] INFO  o.s.b.w.embedded.tomcat.TomcatWebServer            - Tomcat initialized with port(s): 7777 (http)
2023-04-13 10:39:16,111 [main] INFO  o.apache.coyote.http11.Http11NioProtocol           - Initializing ProtocolHandler ["http-nio-7777"]
2023-04-13 10:39:16,112 [main] INFO  org.apache.catalina.core.StandardService           - Starting service [Tomcat]
2023-04-13 10:39:16,112 [main] INFO  org.apache.catalina.core.StandardEngine            - Starting Servlet engine: [Apache Tomcat/9.0.73]
2023-04-13 10:39:16,169 [main] INFO  o.a.c.c.C.[Tomcat].[localhost].[/]                 - Initializing Spring embedded WebApplicationContext
2023-04-13 10:39:16,169 [main] INFO  o.s.b.w.s.c.ServletWebServerApplicationContext     - Root WebApplicationContext: initialization completed in 1045 ms
2023-04-13 10:39:16,230 [main] ERROR o.a.c.c.C.[Tomcat].[localhost].[/]                 - For security constraints with URL pattern [/api/v1/currency/convert] only the HTTP methods [GET] are covered. All other methods are uncovered.
2023-04-13 10:39:16,230 [main] ERROR o.a.c.c.C.[Tomcat].[localhost].[/]                 - For security constraints with URL pattern [/api/v1/currency/all] only the HTTP methods [GET] are covered. All other methods are uncovered.
2023-04-13 10:39:16,334 [main] INFO  o.hibernate.jpa.internal.util.LogHelper            - HHH000204: Processing PersistenceUnitInfo [name: default]
2023-04-13 10:39:16,366 [main] INFO  org.hibernate.Version                              - HHH000412: Hibernate ORM core version 5.6.15.Final
2023-04-13 10:39:16,463 [main] INFO  org.hibernate.annotations.common.Version           - HCANN000001: Hibernate Commons Annotations {5.1.2.Final}
2023-04-13 10:39:16,532 [main] INFO  com.zaxxer.hikari.HikariDataSource                 - HikariPool-1 - Starting...
2023-04-13 10:39:16,644 [main] INFO  com.zaxxer.hikari.HikariDataSource                 - HikariPool-1 - Start completed.
2023-04-13 10:39:16,664 [main] INFO  org.hibernate.dialect.Dialect                      - HHH000400: Using dialect: org.hibernate.dialect.PostgreSQL10Dialect
2023-04-13 10:39:16,976 [main] INFO  o.h.e.t.j.p.i.JtaPlatformInitiator                 - HHH000490: Using JtaPlatform implementation: [org.hibernate.engine.transaction.jta.platform.internal.NoJtaPlatform]
2023-04-13 10:39:16,984 [main] INFO  o.s.o.j.LocalContainerEntityManagerFactoryBean     - Initialized JPA EntityManagerFactory for persistence unit 'default'
2023-04-13 10:39:17,370 [main] WARN  o.s.b.a.o.j.JpaBaseConfiguration$JpaWebConfiguration - spring.jpa.open-in-view is enabled by default. Therefore, database queries may be performed during view rendering. Explicitly configure spring.jpa.open-in-view to disable this warning
2023-04-13 10:39:18,107 [main] INFO  o.apache.coyote.http11.Http11NioProtocol           - Starting ProtocolHandler ["http-nio-7777"]
2023-04-13 10:39:18,119 [main] INFO  o.s.b.w.embedded.tomcat.TomcatWebServer            - Tomcat started on port(s): 7777 (http) with context path ''
2023-04-13 10:39:18,137 [main] INFO  c.l.b.c.CurrencykotlinApplicationKt                - Started CurrencykotlinApplicationKt in 9.269 seconds (JVM running for 9.681)
2023-04-13 10:43:00,633 [SpringApplicationShutdownHook] INFO  o.s.o.j.LocalContainerEntityManagerFactoryBean     - Closing JPA EntityManagerFactory for persistence unit 'default'
2023-04-13 10:43:00,636 [SpringApplicationShutdownHook] INFO  com.zaxxer.hikari.HikariDataSource                 - HikariPool-1 - Shutdown initiated...
2023-04-13 10:43:00,644 [SpringApplicationShutdownHook] INFO  com.zaxxer.hikari.HikariDataSource                 - HikariPool-1 - Shutdown completed.
2023-04-13 10:43:17,255 [main] INFO  o.s.c.c.c.ConfigServerConfigDataLoader             - Fetching config from server at : http://localhost:8888
2023-04-13 10:43:17,257 [main] INFO  o.s.c.c.c.ConfigServerConfigDataLoader             - Located environment: name=currencykotlin, profiles=[default], label=null, version=3d9068d479af43698294432c402b571a5dd14caa, state=null
2023-04-13 10:43:17,505 [main] INFO  o.s.c.c.c.ConfigServicePropertySourceLocator       - Fetching config from server at : http://localhost:8888
2023-04-13 10:43:19,581 [main] INFO  o.s.c.c.c.ConfigServicePropertySourceLocator       - Located environment: name=currencykotlin, profiles=[default], label=null, version=3d9068d479af43698294432c402b571a5dd14caa, state=null
2023-04-13 10:43:19,581 [main] INFO  o.s.c.b.c.PropertySourceBootstrapConfiguration     - Located property source: [BootstrapPropertySource {name='bootstrapProperties-configClient'}, BootstrapPropertySource {name='bootstrapProperties-git@github.com:alanzarate/config-repo.git/currencykotlin.yml'}]
2023-04-13 10:43:19,587 [main] INFO  c.l.b.c.CurrencykotlinApplicationKt                - No active profile set, falling back to 1 default profile: "default"
2023-04-13 10:43:20,019 [main] INFO  o.s.d.r.c.RepositoryConfigurationDelegate          - Bootstrapping Spring Data JPA repositories in DEFAULT mode.
2023-04-13 10:43:20,055 [main] INFO  o.s.d.r.c.RepositoryConfigurationDelegate          - Finished Spring Data repository scanning in 29 ms. Found 1 JPA repository interfaces.
2023-04-13 10:43:20,224 [main] INFO  o.s.cloud.context.scope.GenericScope               - BeanFactory id=0ddc336f-8d5a-30c8-9ca9-037a42898073
2023-04-13 10:43:20,572 [main] INFO  o.s.b.w.embedded.tomcat.TomcatWebServer            - Tomcat initialized with port(s): 7777 (http)
2023-04-13 10:43:20,578 [main] INFO  o.apache.coyote.http11.Http11NioProtocol           - Initializing ProtocolHandler ["http-nio-7777"]
2023-04-13 10:43:20,578 [main] INFO  org.apache.catalina.core.StandardService           - Starting service [Tomcat]
2023-04-13 10:43:20,579 [main] INFO  org.apache.catalina.core.StandardEngine            - Starting Servlet engine: [Apache Tomcat/9.0.73]
2023-04-13 10:43:20,640 [main] INFO  o.a.c.c.C.[Tomcat].[localhost].[/]                 - Initializing Spring embedded WebApplicationContext
2023-04-13 10:43:20,640 [main] INFO  o.s.b.w.s.c.ServletWebServerApplicationContext     - Root WebApplicationContext: initialization completed in 1040 ms
2023-04-13 10:43:20,702 [main] ERROR o.a.c.c.C.[Tomcat].[localhost].[/]                 - For security constraints with URL pattern [/api/v1/currency/convert] only the HTTP methods [GET] are covered. All other methods are uncovered.
2023-04-13 10:43:20,702 [main] ERROR o.a.c.c.C.[Tomcat].[localhost].[/]                 - For security constraints with URL pattern [/api/v1/currency/all] only the HTTP methods [GET] are covered. All other methods are uncovered.
2023-04-13 10:43:20,808 [main] INFO  o.hibernate.jpa.internal.util.LogHelper            - HHH000204: Processing PersistenceUnitInfo [name: default]
2023-04-13 10:43:20,841 [main] INFO  org.hibernate.Version                              - HHH000412: Hibernate ORM core version 5.6.15.Final
2023-04-13 10:43:20,943 [main] INFO  org.hibernate.annotations.common.Version           - HCANN000001: Hibernate Commons Annotations {5.1.2.Final}
2023-04-13 10:43:21,016 [main] INFO  com.zaxxer.hikari.HikariDataSource                 - HikariPool-1 - Starting...
2023-04-13 10:43:21,128 [main] INFO  com.zaxxer.hikari.HikariDataSource                 - HikariPool-1 - Start completed.
2023-04-13 10:43:21,144 [main] INFO  org.hibernate.dialect.Dialect                      - HHH000400: Using dialect: org.hibernate.dialect.PostgreSQL10Dialect
2023-04-13 10:43:21,456 [main] INFO  o.h.e.t.j.p.i.JtaPlatformInitiator                 - HHH000490: Using JtaPlatform implementation: [org.hibernate.engine.transaction.jta.platform.internal.NoJtaPlatform]
2023-04-13 10:43:21,464 [main] INFO  o.s.o.j.LocalContainerEntityManagerFactoryBean     - Initialized JPA EntityManagerFactory for persistence unit 'default'
2023-04-13 10:43:21,845 [main] WARN  o.s.b.a.o.j.JpaBaseConfiguration$JpaWebConfiguration - spring.jpa.open-in-view is enabled by default. Therefore, database queries may be performed during view rendering. Explicitly configure spring.jpa.open-in-view to disable this warning
2023-04-13 10:43:22,568 [main] INFO  o.apache.coyote.http11.Http11NioProtocol           - Starting ProtocolHandler ["http-nio-7777"]
2023-04-13 10:43:22,580 [main] INFO  o.s.b.w.embedded.tomcat.TomcatWebServer            - Tomcat started on port(s): 7777 (http) with context path ''
2023-04-13 10:43:22,606 [main] INFO  c.l.b.c.CurrencykotlinApplicationKt                - Started CurrencykotlinApplicationKt in 8.592 seconds (JVM running for 9.0)
2023-04-13 10:44:43,998 [SpringApplicationShutdownHook] INFO  o.s.o.j.LocalContainerEntityManagerFactoryBean     - Closing JPA EntityManagerFactory for persistence unit 'default'
2023-04-13 10:44:44,000 [SpringApplicationShutdownHook] INFO  com.zaxxer.hikari.HikariDataSource                 - HikariPool-1 - Shutdown initiated...
2023-04-13 10:44:44,008 [SpringApplicationShutdownHook] INFO  com.zaxxer.hikari.HikariDataSource                 - HikariPool-1 - Shutdown completed.
2023-04-13 10:45:00,587 [main] INFO  o.s.c.c.c.ConfigServerConfigDataLoader             - Fetching config from server at : http://localhost:8888
2023-04-13 10:45:00,589 [main] INFO  o.s.c.c.c.ConfigServerConfigDataLoader             - Located environment: name=currencykotlin, profiles=[default], label=null, version=7012f57da78225d3ec8a7054da3910f54c9c6c89, state=null
2023-04-13 10:45:00,878 [main] INFO  o.s.c.c.c.ConfigServicePropertySourceLocator       - Fetching config from server at : http://localhost:8888
2023-04-13 10:45:02,987 [main] INFO  o.s.c.c.c.ConfigServicePropertySourceLocator       - Located environment: name=currencykotlin, profiles=[default], label=null, version=7012f57da78225d3ec8a7054da3910f54c9c6c89, state=null
2023-04-13 10:45:02,988 [main] INFO  o.s.c.b.c.PropertySourceBootstrapConfiguration     - Located property source: [BootstrapPropertySource {name='bootstrapProperties-configClient'}, BootstrapPropertySource {name='bootstrapProperties-git@github.com:alanzarate/config-repo.git/currencykotlin.yml'}]
2023-04-13 10:45:02,995 [main] INFO  c.l.b.c.CurrencykotlinApplicationKt                - No active profile set, falling back to 1 default profile: "default"
2023-04-13 10:45:03,408 [main] INFO  o.s.d.r.c.RepositoryConfigurationDelegate          - Bootstrapping Spring Data JPA repositories in DEFAULT mode.
2023-04-13 10:45:03,440 [main] INFO  o.s.d.r.c.RepositoryConfigurationDelegate          - Finished Spring Data repository scanning in 26 ms. Found 1 JPA repository interfaces.
2023-04-13 10:45:03,597 [main] INFO  o.s.cloud.context.scope.GenericScope               - BeanFactory id=0ddc336f-8d5a-30c8-9ca9-037a42898073
2023-04-13 10:45:03,966 [main] INFO  o.s.b.w.embedded.tomcat.TomcatWebServer            - Tomcat initialized with port(s): 7778 (http)
2023-04-13 10:45:03,972 [main] INFO  o.apache.coyote.http11.Http11NioProtocol           - Initializing ProtocolHandler ["http-nio-7778"]
2023-04-13 10:45:03,973 [main] INFO  org.apache.catalina.core.StandardService           - Starting service [Tomcat]
2023-04-13 10:45:03,973 [main] INFO  org.apache.catalina.core.StandardEngine            - Starting Servlet engine: [Apache Tomcat/9.0.73]
2023-04-13 10:45:04,036 [main] INFO  o.a.c.c.C.[Tomcat].[localhost].[/]                 - Initializing Spring embedded WebApplicationContext
2023-04-13 10:45:04,036 [main] INFO  o.s.b.w.s.c.ServletWebServerApplicationContext     - Root WebApplicationContext: initialization completed in 1027 ms
2023-04-13 10:45:04,098 [main] ERROR o.a.c.c.C.[Tomcat].[localhost].[/]                 - For security constraints with URL pattern [/api/v1/currency/convert] only the HTTP methods [GET] are covered. All other methods are uncovered.
2023-04-13 10:45:04,099 [main] ERROR o.a.c.c.C.[Tomcat].[localhost].[/]                 - For security constraints with URL pattern [/api/v1/currency/all] only the HTTP methods [GET] are covered. All other methods are uncovered.
2023-04-13 10:45:04,212 [main] INFO  o.hibernate.jpa.internal.util.LogHelper            - HHH000204: Processing PersistenceUnitInfo [name: default]
2023-04-13 10:45:04,249 [main] INFO  org.hibernate.Version                              - HHH000412: Hibernate ORM core version 5.6.15.Final
2023-04-13 10:45:04,348 [main] INFO  org.hibernate.annotations.common.Version           - HCANN000001: Hibernate Commons Annotations {5.1.2.Final}
2023-04-13 10:45:04,425 [main] INFO  com.zaxxer.hikari.HikariDataSource                 - HikariPool-1 - Starting...
2023-04-13 10:45:04,530 [main] INFO  com.zaxxer.hikari.HikariDataSource                 - HikariPool-1 - Start completed.
2023-04-13 10:45:04,545 [main] INFO  org.hibernate.dialect.Dialect                      - HHH000400: Using dialect: org.hibernate.dialect.PostgreSQL10Dialect
2023-04-13 10:45:04,834 [main] INFO  o.h.e.t.j.p.i.JtaPlatformInitiator                 - HHH000490: Using JtaPlatform implementation: [org.hibernate.engine.transaction.jta.platform.internal.NoJtaPlatform]
2023-04-13 10:45:04,843 [main] INFO  o.s.o.j.LocalContainerEntityManagerFactoryBean     - Initialized JPA EntityManagerFactory for persistence unit 'default'
2023-04-13 10:45:05,219 [main] WARN  o.s.b.a.o.j.JpaBaseConfiguration$JpaWebConfiguration - spring.jpa.open-in-view is enabled by default. Therefore, database queries may be performed during view rendering. Explicitly configure spring.jpa.open-in-view to disable this warning
2023-04-13 10:45:05,968 [main] INFO  o.apache.coyote.http11.Http11NioProtocol           - Starting ProtocolHandler ["http-nio-7778"]
2023-04-13 10:45:05,982 [main] INFO  o.s.b.w.embedded.tomcat.TomcatWebServer            - Tomcat started on port(s): 7778 (http) with context path ''
2023-04-13 10:45:06,004 [main] INFO  c.l.b.c.CurrencykotlinApplicationKt                - Started CurrencykotlinApplicationKt in 8.461 seconds (JVM running for 8.86)
2023-04-13 10:47:48,245 [SpringApplicationShutdownHook] INFO  o.s.o.j.LocalContainerEntityManagerFactoryBean     - Closing JPA EntityManagerFactory for persistence unit 'default'
2023-04-13 10:47:48,247 [SpringApplicationShutdownHook] INFO  com.zaxxer.hikari.HikariDataSource                 - HikariPool-1 - Shutdown initiated...
2023-04-13 10:47:48,255 [SpringApplicationShutdownHook] INFO  com.zaxxer.hikari.HikariDataSource                 - HikariPool-1 - Shutdown completed.
2023-04-13 10:48:07,324 [main] INFO  o.s.c.c.c.ConfigServerConfigDataLoader             - Fetching config from server at : http://localhost:8888
2023-04-13 10:48:07,325 [main] WARN  o.s.c.c.c.ConfigServerConfigDataLoader             - Could not locate PropertySource ([ConfigServerConfigDataResource@6ba7383d uris = array<String>['http://localhost:8888'], optional = true, profiles = list['default']]): None of labels [] found
2023-04-13 10:48:11,687 [main] INFO  o.s.c.c.c.ConfigServicePropertySourceLocator       - Fetching config from server at : http://localhost:8888
2023-04-13 10:48:15,498 [main] WARN  o.s.c.c.c.ConfigServicePropertySourceLocator       - Could not locate PropertySource: None of labels [] found
2023-04-13 10:48:15,505 [main] INFO  c.l.b.c.CurrencykotlinApplicationKt                - No active profile set, falling back to 1 default profile: "default"
2023-04-13 10:48:15,538 [main] INFO  o.s.c.c.c.ConfigServerConfigDataLoader             - Fetching config from server at : http://localhost:8888
2023-04-13 10:48:15,538 [main] WARN  o.s.c.c.c.ConfigServerConfigDataLoader             - Could not locate PropertySource ([ConfigServerConfigDataResource@38cedb7d uris = array<String>['http://localhost:8888'], optional = true, profiles = list['default']]): None of labels [] found
2023-04-13 10:48:16,002 [main] INFO  o.s.d.r.c.RepositoryConfigurationDelegate          - Bootstrapping Spring Data JPA repositories in DEFAULT mode.
2023-04-13 10:48:16,038 [main] INFO  o.s.d.r.c.RepositoryConfigurationDelegate          - Finished Spring Data repository scanning in 29 ms. Found 1 JPA repository interfaces.
2023-04-13 10:48:16,202 [main] INFO  o.s.cloud.context.scope.GenericScope               - BeanFactory id=0ddc336f-8d5a-30c8-9ca9-037a42898073
2023-04-13 10:48:16,549 [main] INFO  o.s.b.w.embedded.tomcat.TomcatWebServer            - Tomcat initialized with port(s): 7777 (http)
2023-04-13 10:48:16,555 [main] INFO  o.apache.coyote.http11.Http11NioProtocol           - Initializing ProtocolHandler ["http-nio-7777"]
2023-04-13 10:48:16,556 [main] INFO  org.apache.catalina.core.StandardService           - Starting service [Tomcat]
2023-04-13 10:48:16,556 [main] INFO  org.apache.catalina.core.StandardEngine            - Starting Servlet engine: [Apache Tomcat/9.0.73]
2023-04-13 10:48:16,616 [main] INFO  o.a.c.c.C.[Tomcat].[localhost].[/]                 - Initializing Spring embedded WebApplicationContext
2023-04-13 10:48:16,616 [main] INFO  o.s.b.w.s.c.ServletWebServerApplicationContext     - Root WebApplicationContext: initialization completed in 1077 ms
2023-04-13 10:48:16,686 [main] ERROR o.a.c.c.C.[Tomcat].[localhost].[/]                 - For security constraints with URL pattern [/api/v1/currency/convert] only the HTTP methods [GET] are covered. All other methods are uncovered.
2023-04-13 10:48:16,686 [main] ERROR o.a.c.c.C.[Tomcat].[localhost].[/]                 - For security constraints with URL pattern [/api/v1/currency/all] only the HTTP methods [GET] are covered. All other methods are uncovered.
2023-04-13 10:48:16,792 [main] INFO  o.hibernate.jpa.internal.util.LogHelper            - HHH000204: Processing PersistenceUnitInfo [name: default]
2023-04-13 10:48:16,828 [main] INFO  org.hibernate.Version                              - HHH000412: Hibernate ORM core version 5.6.15.Final
2023-04-13 10:48:16,933 [main] INFO  org.hibernate.annotations.common.Version           - HCANN000001: Hibernate Commons Annotations {5.1.2.Final}
2023-04-13 10:48:17,006 [main] INFO  com.zaxxer.hikari.HikariDataSource                 - HikariPool-1 - Starting...
2023-04-13 10:48:17,124 [main] INFO  com.zaxxer.hikari.HikariDataSource                 - HikariPool-1 - Start completed.
2023-04-13 10:48:17,141 [main] INFO  org.hibernate.dialect.Dialect                      - HHH000400: Using dialect: org.hibernate.dialect.PostgreSQL10Dialect
2023-04-13 10:48:17,456 [main] INFO  o.h.e.t.j.p.i.JtaPlatformInitiator                 - HHH000490: Using JtaPlatform implementation: [org.hibernate.engine.transaction.jta.platform.internal.NoJtaPlatform]
2023-04-13 10:48:17,466 [main] INFO  o.s.o.j.LocalContainerEntityManagerFactoryBean     - Initialized JPA EntityManagerFactory for persistence unit 'default'
2023-04-13 10:48:17,843 [main] WARN  o.s.b.a.o.j.JpaBaseConfiguration$JpaWebConfiguration - spring.jpa.open-in-view is enabled by default. Therefore, database queries may be performed during view rendering. Explicitly configure spring.jpa.open-in-view to disable this warning
2023-04-13 10:48:18,558 [main] INFO  o.apache.coyote.http11.Http11NioProtocol           - Starting ProtocolHandler ["http-nio-7777"]
2023-04-13 10:48:18,571 [main] INFO  o.s.b.w.embedded.tomcat.TomcatWebServer            - Tomcat started on port(s): 7777 (http) with context path ''
2023-04-13 10:48:18,583 [main] INFO  c.l.b.c.CurrencykotlinApplicationKt                - Started CurrencykotlinApplicationKt in 16.278 seconds (JVM running for 16.677)
2023-04-13 10:51:17,741 [SpringApplicationShutdownHook] INFO  o.s.o.j.LocalContainerEntityManagerFactoryBean     - Closing JPA EntityManagerFactory for persistence unit 'default'
2023-04-13 10:51:17,743 [SpringApplicationShutdownHook] INFO  com.zaxxer.hikari.HikariDataSource                 - HikariPool-1 - Shutdown initiated...
2023-04-13 10:51:17,751 [SpringApplicationShutdownHook] INFO  com.zaxxer.hikari.HikariDataSource                 - HikariPool-1 - Shutdown completed.
2023-04-13 10:51:34,357 [main] INFO  o.s.c.c.c.ConfigServerConfigDataLoader             - Fetching config from server at : http://localhost:8888
2023-04-13 10:51:34,358 [main] INFO  o.s.c.c.c.ConfigServerConfigDataLoader             - Located environment: name=currencykotlin, profiles=[default], label=null, version=a57c325ebb5de40f87b875ce1aada1f770b2b81d, state=null
2023-04-13 10:51:34,608 [main] INFO  o.s.c.c.c.ConfigServicePropertySourceLocator       - Fetching config from server at : http://localhost:8888
2023-04-13 10:51:36,666 [main] INFO  o.s.c.c.c.ConfigServicePropertySourceLocator       - Located environment: name=currencykotlin, profiles=[default], label=null, version=a57c325ebb5de40f87b875ce1aada1f770b2b81d, state=null
2023-04-13 10:51:36,668 [main] INFO  o.s.c.b.c.PropertySourceBootstrapConfiguration     - Located property source: [BootstrapPropertySource {name='bootstrapProperties-configClient'}, BootstrapPropertySource {name='bootstrapProperties-git@github.com:alanzarate/config-repo.git/currencykotlin.yml'}]
2023-04-13 10:51:36,676 [main] INFO  c.l.b.c.CurrencykotlinApplicationKt                - No active profile set, falling back to 1 default profile: "default"
2023-04-13 10:51:37,110 [main] INFO  o.s.d.r.c.RepositoryConfigurationDelegate          - Bootstrapping Spring Data JPA repositories in DEFAULT mode.
2023-04-13 10:51:37,146 [main] INFO  o.s.d.r.c.RepositoryConfigurationDelegate          - Finished Spring Data repository scanning in 29 ms. Found 1 JPA repository interfaces.
2023-04-13 10:51:37,308 [main] INFO  o.s.cloud.context.scope.GenericScope               - BeanFactory id=0ddc336f-8d5a-30c8-9ca9-037a42898073
2023-04-13 10:51:37,647 [main] INFO  o.s.b.w.embedded.tomcat.TomcatWebServer            - Tomcat initialized with port(s): 7778 (http)
2023-04-13 10:51:37,653 [main] INFO  o.apache.coyote.http11.Http11NioProtocol           - Initializing ProtocolHandler ["http-nio-7778"]
2023-04-13 10:51:37,654 [main] INFO  org.apache.catalina.core.StandardService           - Starting service [Tomcat]
2023-04-13 10:51:37,654 [main] INFO  org.apache.catalina.core.StandardEngine            - Starting Servlet engine: [Apache Tomcat/9.0.73]
2023-04-13 10:51:37,714 [main] INFO  o.a.c.c.C.[Tomcat].[localhost].[/]                 - Initializing Spring embedded WebApplicationContext
2023-04-13 10:51:37,714 [main] INFO  o.s.b.w.s.c.ServletWebServerApplicationContext     - Root WebApplicationContext: initialization completed in 1016 ms
2023-04-13 10:51:37,774 [main] ERROR o.a.c.c.C.[Tomcat].[localhost].[/]                 - For security constraints with URL pattern [/api/v1/currency/convert] only the HTTP methods [GET] are covered. All other methods are uncovered.
2023-04-13 10:51:37,774 [main] ERROR o.a.c.c.C.[Tomcat].[localhost].[/]                 - For security constraints with URL pattern [/api/v1/currency/all] only the HTTP methods [GET] are covered. All other methods are uncovered.
2023-04-13 10:51:37,877 [main] INFO  o.hibernate.jpa.internal.util.LogHelper            - HHH000204: Processing PersistenceUnitInfo [name: default]
2023-04-13 10:51:37,908 [main] INFO  org.hibernate.Version                              - HHH000412: Hibernate ORM core version 5.6.15.Final
2023-04-13 10:51:38,007 [main] INFO  org.hibernate.annotations.common.Version           - HCANN000001: Hibernate Commons Annotations {5.1.2.Final}
2023-04-13 10:51:38,072 [main] INFO  com.zaxxer.hikari.HikariDataSource                 - HikariPool-1 - Starting...
2023-04-13 10:51:38,184 [main] INFO  com.zaxxer.hikari.HikariDataSource                 - HikariPool-1 - Start completed.
2023-04-13 10:51:38,201 [main] INFO  org.hibernate.dialect.Dialect                      - HHH000400: Using dialect: org.hibernate.dialect.PostgreSQL10Dialect
2023-04-13 10:51:38,501 [main] INFO  o.h.e.t.j.p.i.JtaPlatformInitiator                 - HHH000490: Using JtaPlatform implementation: [org.hibernate.engine.transaction.jta.platform.internal.NoJtaPlatform]
2023-04-13 10:51:38,509 [main] INFO  o.s.o.j.LocalContainerEntityManagerFactoryBean     - Initialized JPA EntityManagerFactory for persistence unit 'default'
2023-04-13 10:51:38,889 [main] WARN  o.s.b.a.o.j.JpaBaseConfiguration$JpaWebConfiguration - spring.jpa.open-in-view is enabled by default. Therefore, database queries may be performed during view rendering. Explicitly configure spring.jpa.open-in-view to disable this warning
2023-04-13 10:51:39,590 [main] INFO  o.apache.coyote.http11.Http11NioProtocol           - Starting ProtocolHandler ["http-nio-7778"]
2023-04-13 10:51:39,602 [main] INFO  o.s.b.w.embedded.tomcat.TomcatWebServer            - Tomcat started on port(s): 7778 (http) with context path ''
2023-04-13 10:51:39,615 [main] INFO  c.l.b.c.CurrencykotlinApplicationKt                - Started CurrencykotlinApplicationKt in 8.292 seconds (JVM running for 8.712)
2023-04-13 10:53:10,762 [http-nio-7778-exec-2] INFO  org.keycloak.adapters.KeycloakDeployment           - Loaded URLs from http://localhost:8080/realms/testing2/.well-known/openid-configuration
2023-04-13 10:53:10,993 [http-nio-7778-exec-2] INFO  o.a.c.c.C.[Tomcat].[localhost].[/]                 - Initializing Spring DispatcherServlet 'dispatcherServlet'
2023-04-13 10:53:10,994 [http-nio-7778-exec-2] INFO  o.s.web.servlet.DispatcherServlet                  - Initializing Servlet 'dispatcherServlet'
2023-04-13 10:53:10,995 [http-nio-7778-exec-2] INFO  o.s.web.servlet.DispatcherServlet                  - Completed initialization in 1 ms
2023-04-13 11:18:22,780 [SpringApplicationShutdownHook] INFO  o.s.o.j.LocalContainerEntityManagerFactoryBean     - Closing JPA EntityManagerFactory for persistence unit 'default'
2023-04-13 11:18:22,782 [SpringApplicationShutdownHook] INFO  com.zaxxer.hikari.HikariDataSource                 - HikariPool-1 - Shutdown initiated...
2023-04-13 11:18:22,789 [SpringApplicationShutdownHook] INFO  com.zaxxer.hikari.HikariDataSource                 - HikariPool-1 - Shutdown completed.
